<?xml version="1.0" encoding="UTF-8"?>
<testsuite name="com.service3.service3.Service3ApplicationTests" tests="1" skipped="0" failures="0" errors="0" timestamp="2019-04-11T02:09:50" hostname="DESKTOP-2VKA3K1" time="0.474">
  <properties/>
  <testcase name="contextLoads" classname="com.service3.service3.Service3ApplicationTests" time="0.474"/>
  <system-out><![CDATA[22:09:45.320 [Test worker] DEBUG org.springframework.test.context.junit4.SpringJUnit4ClassRunner - SpringJUnit4ClassRunner constructor called with [class com.service3.service3.Service3ApplicationTests]
22:09:45.334 [Test worker] DEBUG org.springframework.test.context.BootstrapUtils - Instantiating CacheAwareContextLoaderDelegate from class [org.springframework.test.context.cache.DefaultCacheAwareContextLoaderDelegate]
22:09:45.348 [Test worker] DEBUG org.springframework.test.context.BootstrapUtils - Instantiating BootstrapContext using constructor [public org.springframework.test.context.support.DefaultBootstrapContext(java.lang.Class,org.springframework.test.context.CacheAwareContextLoaderDelegate)]
22:09:45.374 [Test worker] DEBUG org.springframework.test.context.BootstrapUtils - Instantiating TestContextBootstrapper for test class [com.service3.service3.Service3ApplicationTests] from class [org.springframework.boot.test.context.SpringBootTestContextBootstrapper]
22:09:45.397 [Test worker] INFO org.springframework.boot.test.context.SpringBootTestContextBootstrapper - Neither @ContextConfiguration nor @ContextHierarchy found for test class [com.service3.service3.Service3ApplicationTests], using SpringBootContextLoader
22:09:45.401 [Test worker] DEBUG org.springframework.test.context.support.AbstractContextLoader - Did not detect default resource location for test class [com.service3.service3.Service3ApplicationTests]: class path resource [com/service3/service3/Service3ApplicationTests-context.xml] does not exist
22:09:45.401 [Test worker] DEBUG org.springframework.test.context.support.AbstractContextLoader - Did not detect default resource location for test class [com.service3.service3.Service3ApplicationTests]: class path resource [com/service3/service3/Service3ApplicationTestsContext.groovy] does not exist
22:09:45.402 [Test worker] INFO org.springframework.test.context.support.AbstractContextLoader - Could not detect default resource locations for test class [com.service3.service3.Service3ApplicationTests]: no resource found for suffixes {-context.xml, Context.groovy}.
22:09:45.403 [Test worker] INFO org.springframework.test.context.support.AnnotationConfigContextLoaderUtils - Could not detect default configuration classes for test class [com.service3.service3.Service3ApplicationTests]: Service3ApplicationTests does not declare any static, non-private, non-final, nested classes annotated with @Configuration.
22:09:45.472 [Test worker] DEBUG org.springframework.test.context.support.ActiveProfilesUtils - Could not find an 'annotation declaring class' for annotation type [org.springframework.test.context.ActiveProfiles] and class [com.service3.service3.Service3ApplicationTests]
22:09:45.581 [Test worker] DEBUG org.springframework.context.annotation.ClassPathScanningCandidateComponentProvider - Identified candidate component class: file [D:\manish\WS_2018\service3\build\classes\java\main\com\service3\service3\Service3Application.class]
22:09:45.585 [Test worker] INFO org.springframework.boot.test.context.SpringBootTestContextBootstrapper - Found @SpringBootConfiguration com.service3.service3.Service3Application for test class com.service3.service3.Service3ApplicationTests
22:09:45.742 [Test worker] DEBUG org.springframework.boot.test.context.SpringBootTestContextBootstrapper - @TestExecutionListeners is not present for class [com.service3.service3.Service3ApplicationTests]: using defaults.
22:09:45.743 [Test worker] INFO org.springframework.boot.test.context.SpringBootTestContextBootstrapper - Loaded default TestExecutionListener class names from location [META-INF/spring.factories]: [org.springframework.boot.test.autoconfigure.restdocs.RestDocsTestExecutionListener, org.springframework.boot.test.autoconfigure.web.client.MockRestServiceServerResetTestExecutionListener, org.springframework.boot.test.autoconfigure.web.servlet.MockMvcPrintOnlyOnFailureTestExecutionListener, org.springframework.boot.test.autoconfigure.web.servlet.WebDriverTestExecutionListener, org.springframework.boot.test.mock.mockito.MockitoTestExecutionListener, org.springframework.boot.test.mock.mockito.ResetMocksTestExecutionListener, org.springframework.test.context.web.ServletTestExecutionListener, org.springframework.test.context.support.DirtiesContextBeforeModesTestExecutionListener, org.springframework.test.context.support.DependencyInjectionTestExecutionListener, org.springframework.test.context.support.DirtiesContextTestExecutionListener, org.springframework.test.context.transaction.TransactionalTestExecutionListener, org.springframework.test.context.jdbc.SqlScriptsTestExecutionListener]
22:09:45.766 [Test worker] DEBUG org.springframework.boot.test.context.SpringBootTestContextBootstrapper - Skipping candidate TestExecutionListener [org.springframework.test.context.transaction.TransactionalTestExecutionListener] due to a missing dependency. Specify custom listener classes or make the default listener classes and their required dependencies available. Offending class: [org/springframework/transaction/interceptor/TransactionAttributeSource]
22:09:45.768 [Test worker] DEBUG org.springframework.boot.test.context.SpringBootTestContextBootstrapper - Skipping candidate TestExecutionListener [org.springframework.test.context.jdbc.SqlScriptsTestExecutionListener] due to a missing dependency. Specify custom listener classes or make the default listener classes and their required dependencies available. Offending class: [org/springframework/transaction/interceptor/TransactionAttribute]
22:09:45.768 [Test worker] INFO org.springframework.boot.test.context.SpringBootTestContextBootstrapper - Using TestExecutionListeners: [org.springframework.test.context.web.ServletTestExecutionListener@24053cb3, org.springframework.test.context.support.DirtiesContextBeforeModesTestExecutionListener@40606c48, org.springframework.boot.test.mock.mockito.MockitoTestExecutionListener@5ce5f53e, org.springframework.boot.test.autoconfigure.SpringBootDependencyInjectionTestExecutionListener@4b821b36, org.springframework.test.context.support.DirtiesContextTestExecutionListener@466f5651, org.springframework.boot.test.autoconfigure.restdocs.RestDocsTestExecutionListener@5ae70f8, org.springframework.boot.test.autoconfigure.web.client.MockRestServiceServerResetTestExecutionListener@76912976, org.springframework.boot.test.autoconfigure.web.servlet.MockMvcPrintOnlyOnFailureTestExecutionListener@2d91c739, org.springframework.boot.test.autoconfigure.web.servlet.WebDriverTestExecutionListener@1170d104, org.springframework.boot.test.mock.mockito.ResetMocksTestExecutionListener@67af5a62]
22:09:45.773 [Test worker] DEBUG org.springframework.test.annotation.ProfileValueUtils - Retrieved @ProfileValueSourceConfiguration [null] for test class [com.service3.service3.Service3ApplicationTests]
22:09:45.774 [Test worker] DEBUG org.springframework.test.annotation.ProfileValueUtils - Retrieved ProfileValueSource type [class org.springframework.test.annotation.SystemProfileValueSource] for class [com.service3.service3.Service3ApplicationTests]
22:09:45.776 [Test worker] DEBUG org.springframework.test.annotation.ProfileValueUtils - Retrieved @ProfileValueSourceConfiguration [null] for test class [com.service3.service3.Service3ApplicationTests]
22:09:45.777 [Test worker] DEBUG org.springframework.test.annotation.ProfileValueUtils - Retrieved ProfileValueSource type [class org.springframework.test.annotation.SystemProfileValueSource] for class [com.service3.service3.Service3ApplicationTests]
22:09:45.784 [Test worker] DEBUG org.springframework.test.context.support.AbstractDirtiesContextTestExecutionListener - Before test class: context [DefaultTestContext@78bbc79f testClass = Service3ApplicationTests, testInstance = [null], testMethod = [null], testException = [null], mergedContextConfiguration = [WebMergedContextConfiguration@55effc8e testClass = Service3ApplicationTests, locations = '{}', classes = '{class com.service3.service3.Service3Application}', contextInitializerClasses = '[]', activeProfiles = '{}', propertySourceLocations = '{}', propertySourceProperties = '{org.springframework.boot.test.context.SpringBootTestContextBootstrapper=true}', contextCustomizers = set[org.springframework.boot.test.autoconfigure.properties.PropertyMappingContextCustomizer@0, org.springframework.boot.test.autoconfigure.web.servlet.WebDriverContextCustomizerFactory$Customizer@19e4d23a, org.springframework.boot.test.context.filter.ExcludeFilterContextCustomizer@2025df4b, org.springframework.boot.test.json.DuplicateJsonObjectContextCustomizerFactory$DuplicateJsonObjectContextCustomizer@3201d0c9, org.springframework.boot.test.mock.mockito.MockitoContextCustomizer@0, org.springframework.boot.test.web.client.TestRestTemplateContextCustomizer@39770239], resourceBasePath = 'src/main/webapp', contextLoader = 'org.springframework.boot.test.context.SpringBootContextLoader', parent = [null]], attributes = map['org.springframework.test.context.web.ServletTestExecutionListener.activateListener' -> true]], class annotated with @DirtiesContext [false] with mode [null].
22:09:45.785 [Test worker] DEBUG org.springframework.test.annotation.ProfileValueUtils - Retrieved @ProfileValueSourceConfiguration [null] for test class [com.service3.service3.Service3ApplicationTests]
22:09:45.786 [Test worker] DEBUG org.springframework.test.annotation.ProfileValueUtils - Retrieved ProfileValueSource type [class org.springframework.test.annotation.SystemProfileValueSource] for class [com.service3.service3.Service3ApplicationTests]
22:09:45.822 [Test worker] DEBUG org.springframework.test.context.support.TestPropertySourceUtils - Adding inlined properties to environment: {spring.jmx.enabled=false, org.springframework.boot.test.context.SpringBootTestContextBootstrapper=true, server.port=-1}

  .   ____          _            __ _ _
 /\\ / ___'_ __ _ _(_)_ __  __ _ \ \ \ \
( ( )\___ | '_ | '_| | '_ \/ _` | \ \ \ \
 \\/  ___)| |_)| | | | | || (_| |  ) ) ) )
  '  |____| .__|_| |_|_| |_\__, | / / / /
 =========|_|==============|___/=/_/_/_/
 :: Spring Boot ::        (v2.1.4.RELEASE)

2019-04-10 22:09:46.245  INFO 9140 --- [    Test worker] c.s.service3.Service3ApplicationTests    : Starting Service3ApplicationTests on DESKTOP-2VKA3K1 with PID 9140 (started by Manish in D:\manish\WS_2018\service3)
2019-04-10 22:09:46.247  INFO 9140 --- [    Test worker] c.s.service3.Service3ApplicationTests    : No active profile set, falling back to default profiles: default
2019-04-10 22:09:49.406  INFO 9140 --- [    Test worker] o.s.s.concurrent.ThreadPoolTaskExecutor  : Initializing ExecutorService 'applicationTaskExecutor'
2019-04-10 22:09:50.004  INFO 9140 --- [    Test worker] c.s.service3.Service3ApplicationTests    : Started Service3ApplicationTests in 4.172 seconds (JVM running for 5.8)
]]></system-out>
  <system-err><![CDATA[]]></system-err>
</testsuite>
